{"logTime": "1228/122657", "correlationVector":"B38EfdyO7p+5P/5JuJEdsx.1","action":"SyncServerConnectionManagerRequest", "result":"SYNC_SERVER_OK", "context":{"environment":"Prod_SoutheastAsia_000j", "migrationStage":"NotStarted", "server":"GENERAL01000009"}}
{"logTime": "1228/122657", "correlationVector":"B38EfdyO7p+5P/5JuJEdsx","action":"Initial GetUpdates", "result":"", "context":Reason: NEW_CLIENT. cV=B38EfdyO7p+5P/5JuJEdsx}
{"logTime": "1228/122657", "correlationVector":"B38EfdyO7p+5P/5JuJEdsx.2","action":"GetUpdates Response", "result":"SYNCER_OK", "context":Received 1 update(s). cV=B38EfdyO7p+5P/5JuJEdsx.0;server=GENERAL01000009;cloudType=Consumer;environment=Prod_SoutheastAsia_000j;migrationStage=NotStarted}
{"logTime": "1228/122658", "correlationVector":"smdIdr5zqyw9FjJ6YKDhBw","action":"SyncServerConnectionManagerRequest", "result":"SYNC_SERVER_OK", "context":{"environment":"", "migrationStage":"", "server":""}}
{"logTime": "1228/122658", "correlationVector":"DIb2tNi+zjr6DmffLlPcvp","action":"Initial GetUpdates", "result":"", "context":Reason: NEW_CLIENT. cV=DIb2tNi+zjr6DmffLlPcvp}
{"logTime": "1228/122658", "correlationVector":"DIb2tNi+zjr6DmffLlPcvp.1","action":"SyncServerConnectionManagerRequest", "result":"SYNC_SERVER_OK", "context":{"environment":"Prod_SoutheastAsia_000j", "migrationStage":"NotStarted", "server":"GENERAL0300001F"}}
{"logTime": "1228/122658", "correlationVector":"DIb2tNi+zjr6DmffLlPcvp.2","action":"GetUpdates Response", "result":"SYNCER_OK", "context":Received 4 update(s). cV=DIb2tNi+zjr6DmffLlPcvp.0;server=GENERAL0300001F;cloudType=Consumer;environment=Prod_SoutheastAsia_000j;migrationStage=NotStarted}
{"logTime": "1228/122658", "correlationVector":"dE35un6+FBQ/YDessWetlY","action":"Normal GetUpdate request", "result":"", "context":cV=dE35un6+FBQ/YDessWetlY
Nudged types: Device Info, User Consents
Refresh requested types: Device Info, User Consents, Send Tab To Self, Encryption Keys}
{"logTime": "1228/122659", "correlationVector":"dE35un6+FBQ/YDessWetlY.1","action":"SyncServerConnectionManagerRequest", "result":"SYNC_SERVER_OK", "context":{"environment":"Prod_SoutheastAsia_000j", "migrationStage":"NotStarted", "server":"GENERAL0300000W"}}
{"logTime": "1228/122659", "correlationVector":"dE35un6+FBQ/YDessWetlY.2","action":"GetUpdates Response", "result":"SYNCER_OK", "context":Received 0 update(s). cV=dE35un6+FBQ/YDessWetlY.0;server=GENERAL0300000W;cloudType=Consumer;environment=Prod_SoutheastAsia_000j;migrationStage=NotStarted}
{"logTime": "1228/122659", "correlationVector":"BhMlWLxYI7hIuHiWLfcZUX","action":"Commit Request", "result":"", "context":Item count: 1
Contributing types: Device Info}
{"logTime": "1228/122659", "correlationVector":"BhMlWLxYI7hIuHiWLfcZUX.1","action":"SyncServerConnectionManagerRequest", "result":"SYNC_SERVER_OK", "context":{"environment":"Prod_SoutheastAsia_000j", "migrationStage":"NotStarted", "server":"GENERAL01000008"}}
{"logTime": "1228/122659", "correlationVector":"BhMlWLxYI7hIuHiWLfcZUX.2","action":"Commit Response", "result":"SYNCER_OK", "context":Result: SYNCER_OK. cV=BhMlWLxYI7hIuHiWLfcZUX.0;server=GENERAL01000008;cloudType=Consumer;environment=Prod_SoutheastAsia_000j;migrationStage=NotStarted}
{"logTime": "1228/122659", "correlationVector":"SsOkJBbUctZW8hsWWr5/+0","action":"Commit Request", "result":"", "context":Item count: 1
Contributing types: User Consents}
{"logTime": "1228/122659", "correlationVector":"SsOkJBbUctZW8hsWWr5/+0.1","action":"SyncServerConnectionManagerRequest", "result":"SYNC_SERVER_OK", "context":{"environment":"Prod_SoutheastAsia_000j", "migrationStage":"NotStarted", "server":"GENERAL01000011"}}
{"logTime": "1228/122659", "correlationVector":"SsOkJBbUctZW8hsWWr5/+0.2","action":"Commit Response", "result":"SYNCER_OK", "context":Result: SYNCER_OK. cV=SsOkJBbUctZW8hsWWr5/+0.0;server=GENERAL01000011;cloudType=Consumer;environment=Prod_SoutheastAsia_000j;migrationStage=NotStarted}
{"logTime": "1228/122700", "correlationVector":"2jaE832DGHoFkiLfa1i+u5","action":"Normal GetUpdate request", "result":"", "context":cV=2jaE832DGHoFkiLfa1i+u5
Nudged types: Device Info}
{"logTime": "1228/122700", "correlationVector":"2jaE832DGHoFkiLfa1i+u5.1","action":"SyncServerConnectionManagerRequest", "result":"SYNC_SERVER_OK", "context":{"environment":"Prod_SoutheastAsia_000j", "migrationStage":"NotStarted", "server":"GENERAL0100001F"}}
{"logTime": "1228/122700", "correlationVector":"2jaE832DGHoFkiLfa1i+u5.2","action":"GetUpdates Response", "result":"SYNCER_OK", "context":Received 1 update(s). cV=2jaE832DGHoFkiLfa1i+u5.0;server=GENERAL0100001F;cloudType=Consumer;environment=Prod_SoutheastAsia_000j;migrationStage=NotStarted}
{"logTime": "0109/173728", "correlationVector":"4BZIfSt1Xx/ZbRByRtJ/XI.1","action":"SyncServerConnectionManagerRequest", "result":"SYNC_SERVER_OK", "context":{"environment":"Prod_SoutheastAsia_000j", "migrationStage":"NotStarted", "server":"GENERAL0300001R"}}
{"logTime": "0109/173728", "correlationVector":"4BZIfSt1Xx/ZbRByRtJ/XI","action":"Initial GetUpdates", "result":"", "context":Reason: NEW_CLIENT. cV=4BZIfSt1Xx/ZbRByRtJ/XI}
{"logTime": "0109/173728", "correlationVector":"4BZIfSt1Xx/ZbRByRtJ/XI.2","action":"GetUpdates Response", "result":"SYNCER_OK", "context":Received 1 update(s). cV=4BZIfSt1Xx/ZbRByRtJ/XI.0;server=GENERAL0300001R;cloudType=Consumer;environment=Prod_SoutheastAsia_000j;migrationStage=NotStarted}
{"logTime": "0109/173728", "correlationVector":"JTEnyXzqXZ6kj3Wc0NqP7O","action":"Normal GetUpdate request", "result":"", "context":cV=JTEnyXzqXZ6kj3Wc0NqP7O
Nudged types: Device Info
Refresh requested types: Device Info, User Consents, Send Tab To Self, Encryption Keys}
{"logTime": "0109/173728", "correlationVector":"JTEnyXzqXZ6kj3Wc0NqP7O.1","action":"SyncServerConnectionManagerRequest", "result":"SYNC_SERVER_OK", "context":{"environment":"Prod_SoutheastAsia_000j", "migrationStage":"NotStarted", "server":"GENERAL0100001D"}}
{"logTime": "0109/173728", "correlationVector":"JTEnyXzqXZ6kj3Wc0NqP7O.2","action":"GetUpdates Response", "result":"SYNCER_OK", "context":Received 2 update(s). cV=JTEnyXzqXZ6kj3Wc0NqP7O.0;server=GENERAL0100001D;cloudType=Consumer;environment=Prod_SoutheastAsia_000j;migrationStage=NotStarted}
{"logTime": "0109/173728", "correlationVector":"vqd94KKbqGsyhyzI0D11Y3","action":"Commit Request", "result":"", "context":Item count: 1
Contributing types: Device Info}
{"logTime": "0109/173728", "correlationVector":"vqd94KKbqGsyhyzI0D11Y3.1","action":"SyncServerConnectionManagerRequest", "result":"SYNC_SERVER_OK", "context":{"environment":"Prod_SoutheastAsia_000j", "migrationStage":"NotStarted", "server":"GENERAL0300000G"}}
{"logTime": "0109/173728", "correlationVector":"vqd94KKbqGsyhyzI0D11Y3.2","action":"Commit Response", "result":"SYNCER_OK", "context":Result: SYNCER_OK. cV=vqd94KKbqGsyhyzI0D11Y3.0;server=GENERAL0300000G;cloudType=Consumer;environment=Prod_SoutheastAsia_000j;migrationStage=NotStarted}
{"logTime": "0109/173728", "correlationVector":"SGB+e/rlWdxF9mHnFKLVEo","action":"Poll GetUpdate request", "result":"", "context":cV=SGB+e/rlWdxF9mHnFKLVEo}
{"logTime": "0109/173728", "correlationVector":"SGB+e/rlWdxF9mHnFKLVEo.1","action":"SyncServerConnectionManagerRequest", "result":"SYNC_SERVER_OK", "context":{"environment":"Prod_SoutheastAsia_000j", "migrationStage":"NotStarted", "server":"GENERAL0300001R"}}
{"logTime": "0109/173728", "correlationVector":"SGB+e/rlWdxF9mHnFKLVEo.2","action":"GetUpdates Response", "result":"SYNCER_OK", "context":Received 1 update(s). cV=SGB+e/rlWdxF9mHnFKLVEo.0;server=GENERAL0300001R;cloudType=Consumer;environment=Prod_SoutheastAsia_000j;migrationStage=NotStarted}
{"logTime": "0109/173728", "correlationVector":"SA8cxOBtodQnTv1No4NKIg","action":"SyncServerConnectionManagerRequest", "result":"SYNC_SERVER_OK", "context":{"environment":"", "migrationStage":"", "server":""}}
{"logTime": "0109/173728", "correlationVector":"arQacj3bX7h1zPm3QianYS","action":"Normal GetUpdate request", "result":"", "context":cV=arQacj3bX7h1zPm3QianYS
Nudged types: Device Info}
{"logTime": "0109/173728", "correlationVector":"arQacj3bX7h1zPm3QianYS.1","action":"SyncServerConnectionManagerRequest", "result":"SYNC_SERVER_OK", "context":{"environment":"Prod_SoutheastAsia_000j", "migrationStage":"NotStarted", "server":"GENERAL03000027"}}
{"logTime": "0109/173728", "correlationVector":"arQacj3bX7h1zPm3QianYS.2","action":"GetUpdates Response", "result":"SYNCER_OK", "context":Received 0 update(s). cV=arQacj3bX7h1zPm3QianYS.0;server=GENERAL03000027;cloudType=Consumer;environment=Prod_SoutheastAsia_000j;migrationStage=NotStarted}
{"logTime": "0109/173728", "correlationVector":"e25kzs/m604IrFYrSr62Tf","action":"Normal GetUpdate request", "result":"", "context":cV=e25kzs/m604IrFYrSr62Tf
Refresh requested types: Device Info, User Consents, Send Tab To Self, Encryption Keys}
{"logTime": "0109/173728", "correlationVector":"e25kzs/m604IrFYrSr62Tf.1","action":"SyncServerConnectionManagerRequest", "result":"SYNC_SERVER_OK", "context":{"environment":"Prod_SoutheastAsia_000j", "migrationStage":"NotStarted", "server":"GENERAL0100000A"}}
{"logTime": "0109/173728", "correlationVector":"e25kzs/m604IrFYrSr62Tf.2","action":"GetUpdates Response", "result":"SYNCER_OK", "context":Received 0 update(s). cV=e25kzs/m604IrFYrSr62Tf.0;server=GENERAL0100000A;cloudType=Consumer;environment=Prod_SoutheastAsia_000j;migrationStage=NotStarted}
{"logTime": "0109/173729", "correlationVector":"MEtK67SuWEbaFE0ennIUvw","action":"Initial GetUpdates", "result":"", "context":Reason: RECONFIGURATION. cV=MEtK67SuWEbaFE0ennIUvw}
{"logTime": "0109/173730", "correlationVector":"MEtK67SuWEbaFE0ennIUvw.1","action":"SyncServerConnectionManagerRequest", "result":"SYNC_SERVER_OK", "context":{"environment":"Prod_SoutheastAsia_000j", "migrationStage":"NotStarted", "server":"GENERAL01000018"}}
{"logTime": "0109/173730", "correlationVector":"MEtK67SuWEbaFE0ennIUvw.2","action":"GetUpdates", "result":"DeleteReceived", "context":{"id":"742a860c-8684-40b4-877b-c8319ad1a699", "isDeleted:":"true", "version":"1682874566508"}}
{"logTime": "0109/173730", "correlationVector":"MEtK67SuWEbaFE0ennIUvw.3","action":"GetUpdates", "result":"DeleteReceived", "context":{"id":"03b69201-b30a-4637-b664-8f96fb5ccccc", "isDeleted:":"true", "version":"1682874569375"}}
{"logTime": "0109/173730", "correlationVector":"MEtK67SuWEbaFE0ennIUvw.4","action":"GetUpdates", "result":"DeleteReceived", "context":{"id":"51469ffd-324f-48bc-a851-262304379c8e", "isDeleted:":"true", "version":"1682874570216"}}
{"logTime": "0109/173730", "correlationVector":"MEtK67SuWEbaFE0ennIUvw.5","action":"GetUpdates", "result":"DeleteReceived", "context":{"id":"f987af42-6429-467f-95c1-6059e62dfbdf", "isDeleted:":"true", "version":"1682874665990"}}
{"logTime": "0109/173730", "correlationVector":"MEtK67SuWEbaFE0ennIUvw.6","action":"GetUpdates", "result":"DeleteReceived", "context":{"id":"66ac2f5e-018b-4374-87a3-ba67716b47a5", "isDeleted:":"true", "version":"1682874875829"}}
{"logTime": "0109/173730", "correlationVector":"MEtK67SuWEbaFE0ennIUvw.7","action":"GetUpdates", "result":"DeleteReceived", "context":{"id":"e7a15e47-a8fd-485f-ab67-69451dde043f", "isDeleted:":"true", "version":"1682874876984"}}
{"logTime": "0109/173730", "correlationVector":"MEtK67SuWEbaFE0ennIUvw.8","action":"GetUpdates", "result":"DeleteReceived", "context":{"id":"24532155-ead4-4e2c-880c-190ec4a8cb35", "isDeleted:":"true", "version":"1682874877657"}}
{"logTime": "0109/173730", "correlationVector":"MEtK67SuWEbaFE0ennIUvw.9","action":"GetUpdates", "result":"DeleteReceived", "context":{"id":"cd11aef8-c276-472a-a8d9-8fb60ac4868c", "isDeleted:":"true", "version":"1682874878330"}}
{"logTime": "0109/173730", "correlationVector":"MEtK67SuWEbaFE0ennIUvw.10","action":"GetUpdates", "result":"DeleteReceived", "context":{"id":"7affdafd-89a9-41fc-9482-0ef7b850beb3", "isDeleted:":"true", "version":"1682874879036"}}
{"logTime": "0109/173730", "correlationVector":"MEtK67SuWEbaFE0ennIUvw.11","action":"GetUpdates", "result":"DeleteReceived", "context":{"id":"81f3a2c5-c097-4b00-887c-728414a64e44", "isDeleted:":"true", "version":"1682874880137"}}
{"logTime": "0109/173730", "correlationVector":"MEtK67SuWEbaFE0ennIUvw.12","action":"GetUpdates", "result":"DeleteReceived", "context":{"id":"17711c70-ee26-4dae-ab5a-1596356d1dd2", "isDeleted:":"true", "version":"1682874880799"}}
{"logTime": "0109/173730", "correlationVector":"MEtK67SuWEbaFE0ennIUvw.13","action":"GetUpdates", "result":"DeleteReceived", "context":{"id":"499a9bd5-5ed1-445f-9946-1a3fd6084e22", "isDeleted:":"true", "version":"1682874881576"}}
{"logTime": "0109/173730", "correlationVector":"MEtK67SuWEbaFE0ennIUvw.14","action":"GetUpdates", "result":"DeleteReceived", "context":{"id":"55a3fe2b-8b89-4a23-9f6f-52a0f13ab6d5", "isDeleted:":"true", "version":"1682874882265"}}
{"logTime": "0109/173730", "correlationVector":"MEtK67SuWEbaFE0ennIUvw.15","action":"GetUpdates", "result":"DeleteReceived", "context":{"id":"7935ca8d-7f27-49ef-a12f-2db1e9d5c9f3", "isDeleted:":"true", "version":"1695056199212"}}
{"logTime": "0109/173730", "correlationVector":"MEtK67SuWEbaFE0ennIUvw.16","action":"GetUpdates Response", "result":"SYNCER_OK", "context":Received 106 update(s). cV=MEtK67SuWEbaFE0ennIUvw.0;server=GENERAL01000018;cloudType=Consumer;environment=Prod_SoutheastAsia_000j;migrationStage=NotStarted}
{"logTime": "0109/173730", "correlationVector":"p4C2i43EP4DMHS6JJdgBUC","action":"Initial GetUpdates", "result":"", "context":Reason: RECONFIGURATION. cV=p4C2i43EP4DMHS6JJdgBUC}
{"logTime": "0109/173731", "correlationVector":"p4C2i43EP4DMHS6JJdgBUC.1","action":"SyncServerConnectionManagerRequest", "result":"SYNC_SERVER_OK", "context":{"environment":"Prod_SoutheastAsia_000j", "migrationStage":"NotStarted", "server":"GENERAL0300001R"}}
{"logTime": "0109/173731", "correlationVector":"p4C2i43EP4DMHS6JJdgBUC.2","action":"GetUpdates Response", "result":"SYNCER_OK", "context":Received 17 update(s). cV=p4C2i43EP4DMHS6JJdgBUC.0;server=GENERAL0300001R;cloudType=Consumer;environment=Prod_SoutheastAsia_000j;migrationStage=NotStarted}
{"logTime": "0109/173731", "correlationVector":"lFY8CACmLiMKGrnZ1bGxys","action":"Initial GetUpdates", "result":"", "context":Reason: RECONFIGURATION. cV=lFY8CACmLiMKGrnZ1bGxys}
{"logTime": "0109/173732", "correlationVector":"lFY8CACmLiMKGrnZ1bGxys.1","action":"SyncServerConnectionManagerRequest", "result":"SYNC_SERVER_OK", "context":{"environment":"Prod_SoutheastAsia_000j", "migrationStage":"NotStarted", "server":"GENERAL0100000O"}}
{"logTime": "0109/173732", "correlationVector":"lFY8CACmLiMKGrnZ1bGxys.2","action":"GetUpdates Response", "result":"SERVER_MORE_TO_DOWNLOAD", "context":Received 250 update(s).  Some updates remain.}
{"logTime": "0109/173732", "correlationVector":"8L2KR693Gxv6w7mO/iwMAr","action":"Initial GetUpdates", "result":"", "context":Reason: RECONFIGURATION. cV=8L2KR693Gxv6w7mO/iwMAr}
{"logTime": "0109/173733", "correlationVector":"8L2KR693Gxv6w7mO/iwMAr.1","action":"SyncServerConnectionManagerRequest", "result":"SYNC_SERVER_OK", "context":{"environment":"Prod_SoutheastAsia_000j", "migrationStage":"NotStarted", "server":"GENERAL03000027"}}
{"logTime": "0109/173733", "correlationVector":"8L2KR693Gxv6w7mO/iwMAr.2","action":"GetUpdates", "result":"DeleteReceived", "context":{"id":"c47def65-ac65-4440-8d09-39c86b54a68a", "isDeleted:":"true", "version":"1699975098363"}}
{"logTime": "0109/173733", "correlationVector":"8L2KR693Gxv6w7mO/iwMAr.3","action":"GetUpdates", "result":"DeleteReceived", "context":{"id":"619d53a3-32c3-4546-b0b0-2cc0dadfebf1", "isDeleted:":"true", "version":"1697117368167"}}
{"logTime": "0109/173733", "correlationVector":"8L2KR693Gxv6w7mO/iwMAr.4","action":"GetUpdates", "result":"DeleteReceived", "context":{"id":"45b2e9a5-2ef4-49e4-af26-bc655a4131c8", "isDeleted:":"true", "version":"1697117368168"}}
{"logTime": "0109/173733", "correlationVector":"8L2KR693Gxv6w7mO/iwMAr.5","action":"GetUpdates", "result":"DeleteReceived", "context":{"id":"2458ecfb-79a1-4622-a079-20e66db906e1", "isDeleted:":"true", "version":"1697117562047"}}
{"logTime": "0109/173733", "correlationVector":"8L2KR693Gxv6w7mO/iwMAr.6","action":"GetUpdates", "result":"DeleteReceived", "context":{"id":"92986471-3517-4947-9b51-304b15c68de9", "isDeleted:":"true", "version":"1697117877190"}}
{"logTime": "0109/173733", "correlationVector":"8L2KR693Gxv6w7mO/iwMAr.7","action":"GetUpdates", "result":"DeleteReceived", "context":{"id":"329699bd-27df-41fe-b20c-571cddb42f50", "isDeleted:":"true", "version":"1697118149976"}}
{"logTime": "0109/173733", "correlationVector":"8L2KR693Gxv6w7mO/iwMAr.8","action":"GetUpdates", "result":"DeleteReceived", "context":{"id":"6dd4e88b-ea65-41cb-81f8-f5794b875932", "isDeleted:":"true", "version":"1697118413749"}}
{"logTime": "0109/173733", "correlationVector":"8L2KR693Gxv6w7mO/iwMAr.9","action":"GetUpdates", "result":"DeleteReceived", "context":{"id":"cb7ebdbb-200d-4b40-8e71-69d69100e4dc", "isDeleted:":"true", "version":"1697118413752"}}
{"logTime": "0109/173733", "correlationVector":"8L2KR693Gxv6w7mO/iwMAr.10","action":"GetUpdates", "result":"DeleteReceived", "context":{"id":"b7867f2c-047b-4f32-8b92-04901cd799ac", "isDeleted:":"true", "version":"1697118413754"}}
{"logTime": "0109/173733", "correlationVector":"8L2KR693Gxv6w7mO/iwMAr.11","action":"GetUpdates", "result":"DeleteReceived", "context":{"id":"b99eab04-baf7-49b6-b455-9ba141ba346c", "isDeleted:":"true", "version":"1697118434174"}}
{"logTime": "0109/173733", "correlationVector":"8L2KR693Gxv6w7mO/iwMAr.12","action":"GetUpdates", "result":"DeleteReceived", "context":{"id":"b23b8b09-6986-4cff-93fc-0f2d34f2d012", "isDeleted:":"true", "version":"1697212581213"}}
{"logTime": "0109/173733", "correlationVector":"8L2KR693Gxv6w7mO/iwMAr.13","action":"GetUpdates", "result":"DeleteReceived", "context":{"id":"895777cc-2c4a-453f-bcac-6aa033251313", "isDeleted:":"true", "version":"1697212882801"}}
{"logTime": "0109/173733", "correlationVector":"8L2KR693Gxv6w7mO/iwMAr.14","action":"GetUpdates", "result":"DeleteReceived", "context":{"id":"16448924-e59a-4c2a-b34e-0ff20dc60a7f", "isDeleted:":"true", "version":"1697212989406"}}
{"logTime": "0109/173733", "correlationVector":"8L2KR693Gxv6w7mO/iwMAr.15","action":"GetUpdates", "result":"DeleteReceived", "context":{"id":"9077bd01-d1b9-43a4-b638-6ad8bc8c6f3f", "isDeleted:":"true", "version":"1697212989407"}}
{"logTime": "0109/173733", "correlationVector":"8L2KR693Gxv6w7mO/iwMAr.16","action":"GetUpdates", "result":"DeleteReceived", "context":{"id":"71c17bd8-7346-4eb0-a5a1-0dfc315ebd8c", "isDeleted:":"true", "version":"1697213743267"}}
{"logTime": "0109/173733", "correlationVector":"8L2KR693Gxv6w7mO/iwMAr.17","action":"GetUpdates", "result":"DeleteReceived", "context":{"id":"507525d9-7cb9-455c-8e01-6ac7d7638dc9", "isDeleted:":"true", "version":"1697213743268"}}
{"logTime": "0109/173733", "correlationVector":"8L2KR693Gxv6w7mO/iwMAr.18","action":"GetUpdates", "result":"DeleteReceived", "context":{"id":"1194b0e1-d6b3-44b7-8501-da4c5a3da80f", "isDeleted:":"true", "version":"1697213743270"}}
{"logTime": "0109/173733", "correlationVector":"8L2KR693Gxv6w7mO/iwMAr.19","action":"GetUpdates", "result":"DeleteReceived", "context":{"id":"f7a2aac1-58a5-497f-8ba8-005e1f0dc298", "isDeleted:":"true", "version":"1697213754585"}}
{"logTime": "0109/173733", "correlationVector":"8L2KR693Gxv6w7mO/iwMAr.20","action":"GetUpdates", "result":"DeleteReceived", "context":{"id":"bfbd3741-5919-45ff-baaa-7fcd0e785e51", "isDeleted:":"true", "version":"1697213896748"}}
{"logTime": "0109/173733", "correlationVector":"8L2KR693Gxv6w7mO/iwMAr.21","action":"GetUpdates", "result":"DeleteReceived", "context":{"id":"863fd16d-c880-4400-b353-8f4b394bf353", "isDeleted:":"true", "version":"1697215022774"}}
{"logTime": "0109/173733", "correlationVector":"8L2KR693Gxv6w7mO/iwMAr.22","action":"GetUpdates", "result":"DeleteReceived", "context":{"id":"1152478a-15b1-4907-b348-d41ccf4169dd", "isDeleted:":"true", "version":"1697215022775"}}
{"logTime": "0109/173733", "correlationVector":"8L2KR693Gxv6w7mO/iwMAr.23","action":"GetUpdates", "result":"DeleteReceived", "context":{"id":"b52e3052-e72b-4fc2-905d-278c2aff72fb", "isDeleted:":"true", "version":"1697215589046"}}
{"logTime": "0109/173733", "correlationVector":"8L2KR693Gxv6w7mO/iwMAr.24","action":"GetUpdates", "result":"DeleteReceived", "context":{"id":"7bd9277d-460a-4cd1-8508-1e13bc8b001f", "isDeleted:":"true", "version":"1697215589047"}}
{"logTime": "0109/173733", "correlationVector":"8L2KR693Gxv6w7mO/iwMAr.25","action":"GetUpdates", "result":"DeleteReceived", "context":{"id":"9d89af85-d432-484b-8809-5b944e5a46ca", "isDeleted:":"true", "version":"1697297886000"}}
{"logTime": "0109/173733", "correlationVector":"8L2KR693Gxv6w7mO/iwMAr.26","action":"GetUpdates", "result":"DeleteReceived", "context":{"id":"0ce77e3a-7c48-45f4-b262-c5d10d891b22", "isDeleted:":"true", "version":"1697297886004"}}
{"logTime": "0109/173733", "correlationVector":"8L2KR693Gxv6w7mO/iwMAr.27","action":"GetUpdates", "result":"DeleteReceived", "context":{"id":"727912a2-1eef-4515-936f-5040761a5c46", "isDeleted:":"true", "version":"1697298110567"}}
{"logTime": "0109/173733", "correlationVector":"8L2KR693Gxv6w7mO/iwMAr.28","action":"GetUpdates", "result":"DeleteReceived", "context":{"id":"9c8a5160-8fcb-4824-b772-a930cff4d3b5", "isDeleted:":"true", "version":"1697298272408"}}
{"logTime": "0109/173733", "correlationVector":"8L2KR693Gxv6w7mO/iwMAr.29","action":"GetUpdates", "result":"DeleteReceived", "context":{"id":"99781cd7-10bb-484a-b591-3034435b7dab", "isDeleted:":"true", "version":"1697298314349"}}
{"logTime": "0109/173733", "correlationVector":"8L2KR693Gxv6w7mO/iwMAr.30","action":"GetUpdates", "result":"DeleteReceived", "context":{"id":"acde6adc-4957-4f6e-8f55-49456d80317f", "isDeleted:":"true", "version":"1697298378311"}}
{"logTime": "0109/173733", "correlationVector":"8L2KR693Gxv6w7mO/iwMAr.31","action":"GetUpdates", "result":"DeleteReceived", "context":{"id":"a0c59b09-9008-4ab9-9059-5949059d394e", "isDeleted:":"true", "version":"1697298673296"}}
{"logTime": "0109/173733", "correlationVector":"8L2KR693Gxv6w7mO/iwMAr.32","action":"GetUpdates", "result":"DeleteReceived", "context":{"id":"7782e2d7-96e2-468c-9fbd-d3914d1221ed", "isDeleted:":"true", "version":"1697298698604"}}
{"logTime": "0109/173733", "correlationVector":"8L2KR693Gxv6w7mO/iwMAr.33","action":"GetUpdates", "result":"DeleteReceived", "context":{"id":"a6c2a368-6c6a-499c-a974-53fea3e1a60a", "isDeleted:":"true", "version":"1697298698605"}}
{"logTime": "0109/173733", "correlationVector":"8L2KR693Gxv6w7mO/iwMAr.34","action":"GetUpdates", "result":"DeleteReceived", "context":{"id":"2ba75af8-0be7-45f0-9d57-e735430479a0", "isDeleted:":"true", "version":"1697298698609"}}
{"logTime": "0109/173733", "correlationVector":"8L2KR693Gxv6w7mO/iwMAr.35","action":"GetUpdates", "result":"DeleteReceived", "context":{"id":"708ef16f-3481-466a-8531-1f4b9fb8012e", "isDeleted:":"true", "version":"1697393640651"}}
{"logTime": "0109/173733", "correlationVector":"8L2KR693Gxv6w7mO/iwMAr.36","action":"GetUpdates", "result":"DeleteReceived", "context":{"id":"99589c2b-09b4-430e-b4ef-69c1379398ab", "isDeleted:":"true", "version":"1697393640652"}}
{"logTime": "0109/173733", "correlationVector":"8L2KR693Gxv6w7mO/iwMAr.37","action":"GetUpdates", "result":"DeleteReceived", "context":{"id":"454dd5ae-89a7-4b48-9647-63f4d73f6ab5", "isDeleted:":"true", "version":"1697393640653"}}
{"logTime": "0109/173733", "correlationVector":"8L2KR693Gxv6w7mO/iwMAr.38","action":"GetUpdates", "result":"DeleteReceived", "context":{"id":"d9d030ff-c30b-4368-9de4-4911923ef2a6", "isDeleted:":"true", "version":"1697393640654"}}
{"logTime": "0109/173733", "correlationVector":"8L2KR693Gxv6w7mO/iwMAr.39","action":"GetUpdates", "result":"DeleteReceived", "context":{"id":"900db28d-b777-43f8-9562-ffb5bc9f157c", "isDeleted:":"true", "version":"1697393640655"}}
{"logTime": "0109/173733", "correlationVector":"8L2KR693Gxv6w7mO/iwMAr.40","action":"GetUpdates", "result":"DeleteReceived", "context":{"id":"73ff4e4a-5a59-4b90-9ce5-6347f6f75935", "isDeleted:":"true", "version":"1697393640656"}}
{"logTime": "0109/173733", "correlationVector":"8L2KR693Gxv6w7mO/iwMAr.41","action":"GetUpdates", "result":"DeleteReceived", "context":{"id":"c7f1ad38-1332-45f7-886f-921d02f62f8e", "isDeleted:":"true", "version":"1697393640657"}}
{"logTime": "0109/173733", "correlationVector":"8L2KR693Gxv6w7mO/iwMAr.42","action":"GetUpdates", "result":"DeleteReceived", "context":{"id":"7fcbafe7-44d5-4719-9cbe-2be021d2fc38", "isDeleted:":"true", "version":"1697393640659"}}
{"logTime": "0109/173733", "correlationVector":"8L2KR693Gxv6w7mO/iwMAr.43","action":"GetUpdates", "result":"DeleteReceived", "context":{"id":"d44b60a0-5d5c-4fa3-987c-827872ae3fd0", "isDeleted:":"true", "version":"1697393640660"}}
{"logTime": "0109/173733", "correlationVector":"8L2KR693Gxv6w7mO/iwMAr.44","action":"GetUpdates", "result":"DeleteReceived", "context":{"id":"2c501f92-1311-4d9a-9e18-a2c257049d8b", "isDeleted:":"true", "version":"1697393640662"}}
{"logTime": "0109/173733", "correlationVector":"8L2KR693Gxv6w7mO/iwMAr.45","action":"GetUpdates", "result":"DeleteReceived", "context":{"id":"71cd0666-b520-4eca-b556-96ef79a7948c", "isDeleted:":"true", "version":"1697471200505"}}
{"logTime": "0109/173733", "correlationVector":"8L2KR693Gxv6w7mO/iwMAr.46","action":"GetUpdates", "result":"DeleteReceived", "context":{"id":"5c33822b-55e2-428f-b1ac-95609bee0298", "isDeleted:":"true", "version":"1697471200506"}}
{"logTime": "0109/173733", "correlationVector":"8L2KR693Gxv6w7mO/iwMAr.47","action":"GetUpdates", "result":"DeleteReceived", "context":{"id":"4535bf1d-4a86-4064-8251-247c876ca770", "isDeleted:":"true", "version":"1697471200508"}}
{"logTime": "0109/173733", "correlationVector":"8L2KR693Gxv6w7mO/iwMAr.48","action":"GetUpdates", "result":"DeleteReceived", "context":{"id":"e02bd9a9-86ee-4745-aefa-1a223b5b90eb", "isDeleted:":"true", "version":"1697473563075"}}
{"logTime": "0109/173733", "correlationVector":"8L2KR693Gxv6w7mO/iwMAr.49","action":"GetUpdates", "result":"DeleteReceived", "context":{"id":"04afa105-3f33-440f-9e78-c8f840fb49cc", "isDeleted:":"true", "version":"1697474522212"}}
{"logTime": "0109/173733", "correlationVector":"8L2KR693Gxv6w7mO/iwMAr.50","action":"GetUpdates", "result":"DeleteReceived", "context":{"id":"45a8deb6-b29b-4552-9272-1bc13d5f427d", "isDeleted:":"true", "version":"1697553629010"}}
{"logTime": "0109/173733", "correlationVector":"8L2KR693Gxv6w7mO/iwMAr.51","action":"GetUpdates", "result":"DeleteReceived", "context":{"id":"447ec64f-1906-48ef-9d0e-dabbcdcf6d25", "isDeleted:":"true", "version":"1697553629011"}}
{"logTime": "0109/173733", "correlationVector":"8L2KR693Gxv6w7mO/iwMAr.52","action":"GetUpdates", "result":"DeleteReceived", "context":{"id":"5e344492-cecb-4736-92be-177edd24324e", "isDeleted:":"true", "version":"1697645675368"}}
{"logTime": "0109/173733", "correlationVector":"8L2KR693Gxv6w7mO/iwMAr.53","action":"GetUpdates", "result":"DeleteReceived", "context":{"id":"e8adc4b0-ff4e-46c5-9ea7-4789afe10278", "isDeleted:":"true", "version":"1697645675371"}}
{"logTime": "0109/173733", "correlationVector":"8L2KR693Gxv6w7mO/iwMAr.54","action":"GetUpdates", "result":"DeleteReceived", "context":{"id":"82a292c4-6ae2-402b-8b8d-13f130c614c9", "isDeleted:":"true", "version":"1697646222291"}}
{"logTime": "0109/173733", "correlationVector":"8L2KR693Gxv6w7mO/iwMAr.55","action":"GetUpdates", "result":"DeleteReceived", "context":{"id":"a9be6f76-ff8d-401c-8e45-34d1a7b8bbdb", "isDeleted:":"true", "version":"1697648337885"}}
{"logTime": "0109/173733", "correlationVector":"8L2KR693Gxv6w7mO/iwMAr.56","action":"GetUpdates", "result":"DeleteReceived", "context":{"id":"32535f63-8252-4185-94f7-aed256c29917", "isDeleted:":"true", "version":"1697648337886"}}
{"logTime": "0109/173733", "correlationVector":"8L2KR693Gxv6w7mO/iwMAr.57","action":"GetUpdates", "result":"DeleteReceived", "context":{"id":"5398428a-ac04-4632-a9ec-a4f689a36502", "isDeleted:":"true", "version":"1697648337888"}}
{"logTime": "0109/173733", "correlationVector":"8L2KR693Gxv6w7mO/iwMAr.58","action":"GetUpdates", "result":"DeleteReceived", "context":{"id":"02d326d0-f1b2-474e-8acf-f4c1990d17b8", "isDeleted:":"true", "version":"1697648436661"}}
{"logTime": "0109/173733", "correlationVector":"8L2KR693Gxv6w7mO/iwMAr.59","action":"GetUpdates", "result":"DeleteReceived", "context":{"id":"bdb67a69-faa0-4685-b2aa-fedce6fa22f4", "isDeleted:":"true", "version":"1697732758663"}}
{"logTime": "0109/173733", "correlationVector":"8L2KR693Gxv6w7mO/iwMAr.60","action":"GetUpdates", "result":"DeleteReceived", "context":{"id":"bc3e320e-9220-4dc6-9183-7b826fdbeb57", "isDeleted:":"true", "version":"1697732758664"}}
{"logTime": "0109/173733", "correlationVector":"8L2KR693Gxv6w7mO/iwMAr.61","action":"GetUpdates", "result":"DeleteReceived", "context":{"id":"4631cd97-c0fb-4d79-8d50-d2c3bfe7f94b", "isDeleted:":"true", "version":"1697732758666"}}
{"logTime": "0109/173733", "correlationVector":"8L2KR693Gxv6w7mO/iwMAr.62","action":"GetUpdates", "result":"DeleteReceived", "context":{"id":"f16c5c68-fbb4-4765-9288-a0c6a4ef3c93", "isDeleted:":"true", "version":"1697732921652"}}
{"logTime": "0109/173733", "correlationVector":"8L2KR693Gxv6w7mO/iwMAr.63","action":"GetUpdates", "result":"DeleteReceived", "context":{"id":"d778445b-74ae-496e-9f16-874e39e2158a", "isDeleted:":"true", "version":"1697732921653"}}
{"logTime": "0109/173733", "correlationVector":"8L2KR693Gxv6w7mO/iwMAr.64","action":"GetUpdates", "result":"DeleteReceived", "context":{"id":"90be06ee-a38c-49d5-8e6e-e1802f4f8135", "isDeleted:":"true", "version":"1697820707131"}}
{"logTime": "0109/173733", "correlationVector":"8L2KR693Gxv6w7mO/iwMAr.65","action":"GetUpdates", "result":"DeleteReceived", "context":{"id":"4245bf7c-c5a3-4301-a3bd-a3bd7b00c620", "isDeleted:":"true", "version":"1697822064742"}}
{"logTime": "0109/173733", "correlationVector":"8L2KR693Gxv6w7mO/iwMAr.66","action":"GetUpdates", "result":"DeleteReceived", "context":{"id":"c52d8b36-d57c-49b5-b049-f36849fd52cc", "isDeleted:":"true", "version":"1697958653604"}}
{"logTime": "0109/173733", "correlationVector":"8L2KR693Gxv6w7mO/iwMAr.67","action":"GetUpdates", "result":"DeleteReceived", "context":{"id":"c8ca8ef2-84ff-4e79-8dbd-cb55d927e127", "isDeleted:":"true", "version":"1697958653605"}}
{"logTime": "0109/173733", "correlationVector":"8L2KR693Gxv6w7mO/iwMAr.68","action":"GetUpdates", "result":"DeleteReceived", "context":{"id":"9791b937-a2d3-412d-b4ef-b5450a0218fd", "isDeleted:":"true", "version":"1697958653607"}}
{"logTime": "0109/173733", "correlationVector":"8L2KR693Gxv6w7mO/iwMAr.69","action":"GetUpdates", "result":"DeleteReceived", "context":{"id":"e910b65d-c34f-4872-b7c0-bfebc16b701b", "isDeleted:":"true", "version":"1697959888181"}}
{"logTime": "0109/173733", "correlationVector":"8L2KR693Gxv6w7mO/iwMAr.70","action":"GetUpdates", "result":"DeleteReceived", "context":{"id":"5cc5a624-8067-4823-9d66-ded826b238c9", "isDeleted:":"true", "version":"1697959888182"}}
{"logTime": "0109/173733", "correlationVector":"8L2KR693Gxv6w7mO/iwMAr.71","action":"GetUpdates", "result":"DeleteReceived", "context":{"id":"e0960cd3-6492-42e7-b765-3db3df40accf", "isDeleted:":"true", "version":"1697960151274"}}
{"logTime": "0109/173733", "correlationVector":"8L2KR693Gxv6w7mO/iwMAr.72","action":"GetUpdates", "result":"DeleteReceived", "context":{"id":"7c7f66cd-ff13-49c8-9b7e-e30ac8202757", "isDeleted:":"true", "version":"1697960151275"}}
{"logTime": "0109/173733", "correlationVector":"8L2KR693Gxv6w7mO/iwMAr.73","action":"GetUpdates", "result":"DeleteReceived", "context":{"id":"862e6944-3636-4ce6-9daa-d13449cbfae9", "isDeleted:":"true", "version":"1697960151278"}}
{"logTime": "0109/173733", "correlationVector":"8L2KR693Gxv6w7mO/iwMAr.74","action":"GetUpdates", "result":"DeleteReceived", "context":{"id":"df94e703-4e09-49d6-adef-e4c083cf70d1", "isDeleted:":"true", "version":"1697960151279"}}
{"logTime": "0109/173733", "correlationVector":"8L2KR693Gxv6w7mO/iwMAr.75","action":"GetUpdates", "result":"DeleteReceived", "context":{"id":"96048065-fcde-45d8-a194-b92668593b16", "isDeleted:":"true", "version":"1697960160407"}}
{"logTime": "0109/173733", "correlationVector":"8L2KR693Gxv6w7mO/iwMAr.76","action":"GetUpdates", "result":"DeleteReceived", "context":{"id":"7acec932-aec6-4e76-b834-3c4b9ba89383", "isDeleted:":"true", "version":"1698312532706"}}
{"logTime": "0109/173733", "correlationVector":"8L2KR693Gxv6w7mO/iwMAr.77","action":"GetUpdates", "result":"DeleteReceived", "context":{"id":"916a7330-23a2-4b5e-93d8-0dcd93a7a46f", "isDeleted:":"true", "version":"1698312659242"}}
{"logTime": "0109/173733", "correlationVector":"8L2KR693Gxv6w7mO/iwMAr.78","action":"GetUpdates", "result":"DeleteReceived", "context":{"id":"031de070-a704-4f18-aad5-ab084bb2c558", "isDeleted:":"true", "version":"1698312659244"}}
{"logTime": "0109/173733", "correlationVector":"8L2KR693Gxv6w7mO/iwMAr.79","action":"GetUpdates", "result":"DeleteReceived", "context":{"id":"4258b1c6-551a-4e5b-9022-6a083dceeec8", "isDeleted:":"true", "version":"1699289769041"}}
{"logTime": "0109/173733", "correlationVector":"8L2KR693Gxv6w7mO/iwMAr.80","action":"GetUpdates", "result":"DeleteReceived", "context":{"id":"c7bbbd36-accc-44b6-8f2b-e4a0f25d9e73", "isDeleted:":"true", "version":"1699289988080"}}
{"logTime": "0109/173733", "correlationVector":"8L2KR693Gxv6w7mO/iwMAr.81","action":"GetUpdates", "result":"DeleteReceived", "context":{"id":"2ae05e73-2ffd-4eb4-ae5b-9db6c3ea52cd", "isDeleted:":"true", "version":"1699974733091"}}
{"logTime": "0109/173733", "correlationVector":"8L2KR693Gxv6w7mO/iwMAr.82","action":"GetUpdates", "result":"DeleteReceived", "context":{"id":"d06f25a7-9f46-4fcf-bb47-116e28fd3f80", "isDeleted:":"true", "version":"1699975033198"}}
{"logTime": "0109/173733", "correlationVector":"8L2KR693Gxv6w7mO/iwMAr.83","action":"GetUpdates", "result":"DeleteReceived", "context":{"id":"6ba664d5-e4c9-4793-b5b4-5ca0e1139df5", "isDeleted:":"true", "version":"1703828061374"}}
{"logTime": "0109/173733", "correlationVector":"8L2KR693Gxv6w7mO/iwMAr.84","action":"GetUpdates", "result":"DeleteReceived", "context":{"id":"7a4b0085-725f-487f-9e18-498dbc80a700", "isDeleted:":"true", "version":"1703828426285"}}
{"logTime": "0109/173733", "correlationVector":"8L2KR693Gxv6w7mO/iwMAr.85","action":"GetUpdates", "result":"DeleteReceived", "context":{"id":"10e003c8-afa6-43b5-98c7-e153ca726c27", "isDeleted:":"true", "version":"1703828458079"}}
{"logTime": "0109/173733", "correlationVector":"8L2KR693Gxv6w7mO/iwMAr.86","action":"GetUpdates", "result":"DeleteReceived", "context":{"id":"c6c6c78b-48d7-40b3-8b3d-f1f0110b44e1", "isDeleted:":"true", "version":"1703829484692"}}
{"logTime": "0109/173733", "correlationVector":"8L2KR693Gxv6w7mO/iwMAr.87","action":"GetUpdates", "result":"DeleteReceived", "context":{"id":"4c51e68e-4f47-4264-80b5-653aea3319f8", "isDeleted:":"true", "version":"1703829732444"}}
{"logTime": "0109/173733", "correlationVector":"8L2KR693Gxv6w7mO/iwMAr.88","action":"GetUpdates", "result":"DeleteReceived", "context":{"id":"64987d6c-a9c0-41ff-a3bd-59ed860c0b3a", "isDeleted:":"true", "version":"1703829732445"}}
{"logTime": "0109/173733", "correlationVector":"8L2KR693Gxv6w7mO/iwMAr.89","action":"GetUpdates", "result":"DeleteReceived", "context":{"id":"a1983e6d-4d8d-4c98-b580-b36d43dbc36c", "isDeleted:":"true", "version":"1703829955435"}}
{"logTime": "0109/173733", "correlationVector":"8L2KR693Gxv6w7mO/iwMAr.90","action":"GetUpdates", "result":"DeleteReceived", "context":{"id":"bcb61bd2-0774-410d-a312-210686402c7e", "isDeleted:":"true", "version":"1703829985213"}}
{"logTime": "0109/173733", "correlationVector":"8L2KR693Gxv6w7mO/iwMAr.91","action":"GetUpdates", "result":"DeleteReceived", "context":{"id":"dc78cf2b-6434-4653-bcd1-31b158c10e52", "isDeleted:":"true", "version":"1703830155270"}}
{"logTime": "0109/173733", "correlationVector":"8L2KR693Gxv6w7mO/iwMAr.92","action":"GetUpdates", "result":"DeleteReceived", "context":{"id":"20719722-608e-4473-9b93-69ff2ead55ef", "isDeleted:":"true", "version":"1703830356050"}}
{"logTime": "0109/173733", "correlationVector":"8L2KR693Gxv6w7mO/iwMAr.93","action":"GetUpdates", "result":"DeleteReceived", "context":{"id":"f6c4cc37-0ef7-432d-be8c-ff95db4d5b55", "isDeleted:":"true", "version":"1703830356051"}}
{"logTime": "0109/173733", "correlationVector":"8L2KR693Gxv6w7mO/iwMAr.94","action":"GetUpdates", "result":"DeleteReceived", "context":{"id":"8bf16c23-2394-4635-8ae4-a50cabdb87f9", "isDeleted:":"true", "version":"1703830641919"}}
{"logTime": "0109/173733", "correlationVector":"8L2KR693Gxv6w7mO/iwMAr.95","action":"GetUpdates", "result":"DeleteReceived", "context":{"id":"61dd805a-e608-4d38-9295-5d1de84daba0", "isDeleted:":"true", "version":"1704004199849"}}
{"logTime": "0109/173733", "correlationVector":"8L2KR693Gxv6w7mO/iwMAr.96","action":"GetUpdates", "result":"DeleteReceived", "context":{"id":"5e5c86c1-7970-441e-8d46-d9319c409b40", "isDeleted:":"true", "version":"1704028370069"}}
{"logTime": "0109/173733", "correlationVector":"8L2KR693Gxv6w7mO/iwMAr.97","action":"GetUpdates", "result":"DeleteReceived", "context":{"id":"4fd5f820-facc-4358-8a56-85127454b675", "isDeleted:":"true", "version":"1704299368265"}}
{"logTime": "0109/173733", "correlationVector":"8L2KR693Gxv6w7mO/iwMAr.98","action":"GetUpdates", "result":"DeleteReceived", "context":{"id":"c5663b5d-1aa6-4a81-8c4a-2688c13435a2", "isDeleted:":"true", "version":"1704346545931"}}
{"logTime": "0109/173733", "correlationVector":"8L2KR693Gxv6w7mO/iwMAr.99","action":"GetUpdates", "result":"DeleteReceived", "context":{"id":"50fefe0d-f998-43fa-99ef-ddcad324bf0b", "isDeleted:":"true", "version":"1704469644116"}}
{"logTime": "0109/173733", "correlationVector":"8L2KR693Gxv6w7mO/iwMAr.100","action":"GetUpdates", "result":"DeleteReceived", "context":{"id":"66266795-d7ca-4507-b32c-2975550ba23f", "isDeleted:":"true", "version":"1704535475290"}}
{"logTime": "0109/173733", "correlationVector":"8L2KR693Gxv6w7mO/iwMAr.101","action":"GetUpdates", "result":"DeleteReceived", "context":{"id":"ef961ef9-8cf8-4a9a-a5d9-22ad67ff3aa2", "isDeleted:":"true", "version":"1704536375969"}}
{"logTime": "0109/173733", "correlationVector":"8L2KR693Gxv6w7mO/iwMAr.102","action":"GetUpdates", "result":"DeleteReceived", "context":{"id":"bdbe9878-0b34-4a1f-a0e3-daa3a8e710a9", "isDeleted:":"true", "version":"1704536375971"}}
{"logTime": "0109/173733", "correlationVector":"8L2KR693Gxv6w7mO/iwMAr.103","action":"GetUpdates", "result":"DeleteReceived", "context":{"id":"1df9ee70-1917-4757-a603-7452f72c9295", "isDeleted:":"true", "version":"1704642761933"}}
{"logTime": "0109/173733", "correlationVector":"8L2KR693Gxv6w7mO/iwMAr.104","action":"GetUpdates", "result":"DeleteReceived", "context":{"id":"70582a24-7108-4ec8-ad2e-b25000e6d3f8", "isDeleted:":"true", "version":"1704642761934"}}
{"logTime": "0109/173733", "correlationVector":"8L2KR693Gxv6w7mO/iwMAr.105","action":"GetUpdates", "result":"DeleteReceived", "context":{"id":"e4481666-a021-4e0e-be4d-75b4956c0a36", "isDeleted:":"true", "version":"1704642761935"}}
{"logTime": "0109/173733", "correlationVector":"8L2KR693Gxv6w7mO/iwMAr.106","action":"GetUpdates", "result":"DeleteReceived", "context":{"id":"93ef8b27-1fed-42a4-b761-641e3104a969", "isDeleted:":"true", "version":"1704642761937"}}
{"logTime": "0109/173733", "correlationVector":"8L2KR693Gxv6w7mO/iwMAr.107","action":"GetUpdates", "result":"DeleteReceived", "context":{"id":"65ab020a-aa24-403e-a6d3-0a69086b2979", "isDeleted:":"true", "version":"1704642761938"}}
{"logTime": "0109/173733", "correlationVector":"8L2KR693Gxv6w7mO/iwMAr.108","action":"GetUpdates", "result":"DeleteReceived", "context":{"id":"78a9d2f3-4460-44b0-a0ed-1b7df63670f3", "isDeleted:":"true", "version":"1704642761939"}}
{"logTime": "0109/173733", "correlationVector":"8L2KR693Gxv6w7mO/iwMAr.109","action":"GetUpdates", "result":"DeleteReceived", "context":{"id":"566be932-32c3-4b86-8e41-b9d1cf753a4a", "isDeleted:":"true", "version":"1704642761941"}}
{"logTime": "0109/173733", "correlationVector":"8L2KR693Gxv6w7mO/iwMAr.110","action":"GetUpdates Response", "result":"SYNCER_OK", "context":Received 171 update(s). cV=8L2KR693Gxv6w7mO/iwMAr.0;server=GENERAL03000027;cloudType=Consumer;environment=Prod_SoutheastAsia_000j;migrationStage=NotStarted}
{"logTime": "0109/173733", "correlationVector":"RNh7ofRLkasnBZrRqtRflU","action":"Normal GetUpdate request", "result":"", "context":cV=RNh7ofRLkasnBZrRqtRflU
Nudged types: Bookmarks, Sessions, Device Info
Refresh requested types: Bookmarks, Preferences, Passwords, Autofill Profiles, Autofill, Autofill Custom Data, Typed URLs, Extensions, Sessions, Extension settings, History Delete Directives, Device Info, User Consents, Send Tab To Self, Web Apps, Collection, Edge E Drop, Edge Hub App Usage, Edge Wallet, Encryption Keys}
{"logTime": "0109/173733", "correlationVector":"RNh7ofRLkasnBZrRqtRflU.1","action":"SyncServerConnectionManagerRequest", "result":"SYNC_SERVER_OK", "context":{"environment":"Prod_SoutheastAsia_000j", "migrationStage":"NotStarted", "server":"GENERAL01000004"}}
{"logTime": "0109/173733", "correlationVector":"RNh7ofRLkasnBZrRqtRflU.2","action":"GetUpdates Response", "result":"SYNCER_OK", "context":Received 0 update(s). cV=RNh7ofRLkasnBZrRqtRflU.0;server=GENERAL01000004;cloudType=Consumer;environment=Prod_SoutheastAsia_000j;migrationStage=NotStarted}
{"logTime": "0109/173733", "correlationVector":"WSnyLB+sVRBm5pb13Stc+V","action":"Commit Request", "result":"", "context":Item count: 1
Contributing types: Device Info}
{"logTime": "0109/173733", "correlationVector":"WSnyLB+sVRBm5pb13Stc+V.1","action":"SyncServerConnectionManagerRequest", "result":"SYNC_SERVER_OK", "context":{"environment":"Prod_SoutheastAsia_000j", "migrationStage":"NotStarted", "server":"GENERAL01000005"}}
{"logTime": "0109/173733", "correlationVector":"WSnyLB+sVRBm5pb13Stc+V.2","action":"Commit Response", "result":"SYNCER_OK", "context":Result: SYNCER_OK. cV=WSnyLB+sVRBm5pb13Stc+V.0;server=GENERAL01000005;cloudType=Consumer;environment=Prod_SoutheastAsia_000j;migrationStage=NotStarted}
{"logTime": "0109/173733", "correlationVector":"PH/JSBf+fhALNHGKTGLOzM","action":"Commit Request", "result":"", "context":Item count: 13
Contributing types: Bookmarks, Sessions}
{"logTime": "0109/173734", "correlationVector":"PH/JSBf+fhALNHGKTGLOzM.1","action":"SyncServerConnectionManagerRequest", "result":"SYNC_SERVER_OK", "context":{"environment":"Prod_SoutheastAsia_000j", "migrationStage":"NotStarted", "server":"GENERAL0100000H"}}
{"logTime": "0109/173734", "correlationVector":"PH/JSBf+fhALNHGKTGLOzM.2","action":"Commit Response", "result":"SYNCER_OK", "context":Result: SYNCER_OK. cV=PH/JSBf+fhALNHGKTGLOzM.0;server=GENERAL0100000H;cloudType=Consumer;environment=Prod_SoutheastAsia_000j;migrationStage=NotStarted}
{"logTime": "0109/173759", "correlationVector":"rCw8Og5GQhc+cuNSoBlSH0","action":"Commit Request", "result":"", "context":Item count: 2
Contributing types: Preferences, Sessions}
{"logTime": "0109/173759", "correlationVector":"rCw8Og5GQhc+cuNSoBlSH0.1","action":"SyncServerConnectionManagerRequest", "result":"SYNC_SERVER_OK", "context":{"environment":"Prod_SoutheastAsia_000j", "migrationStage":"NotStarted", "server":"GENERAL0100000A"}}
{"logTime": "0109/173759", "correlationVector":"rCw8Og5GQhc+cuNSoBlSH0.2","action":"Commit Response", "result":"SYNCER_OK", "context":Result: SYNCER_OK. cV=rCw8Og5GQhc+cuNSoBlSH0.0;server=GENERAL0100000A;cloudType=Consumer;environment=Prod_SoutheastAsia_000j;migrationStage=NotStarted}
{"logTime": "0109/173953", "correlationVector":"bCYzQK/6m4n3BqzY1LNeXl","action":"Commit Request", "result":"", "context":Item count: 1
Contributing types: Sessions}
{"logTime": "0109/173953", "correlationVector":"bCYzQK/6m4n3BqzY1LNeXl.1","action":"SyncServerConnectionManagerRequest", "result":"SYNC_SERVER_OK", "context":{"environment":"Prod_SoutheastAsia_000j", "migrationStage":"NotStarted", "server":"GENERAL03000025"}}
{"logTime": "0109/173953", "correlationVector":"bCYzQK/6m4n3BqzY1LNeXl.2","action":"Commit Response", "result":"SYNCER_OK", "context":Result: SYNCER_OK. cV=bCYzQK/6m4n3BqzY1LNeXl.0;server=GENERAL03000025;cloudType=Consumer;environment=Prod_SoutheastAsia_000j;migrationStage=NotStarted}
{"logTime": "0109/174134", "correlationVector":"AaMYSy7YUYLLzIfw+8vzKy","action":"Normal GetUpdate request", "result":"", "context":cV=AaMYSy7YUYLLzIfw+8vzKy
Refresh requested types: Bookmarks, Preferences, Passwords, Autofill Profiles, Autofill, Autofill Custom Data, Typed URLs, Extensions, Sessions, Extension settings, History Delete Directives, Device Info, User Consents, Send Tab To Self, Web Apps, Collection, Edge E Drop, Edge Hub App Usage, Edge Wallet, Encryption Keys}
{"logTime": "0109/174135", "correlationVector":"AaMYSy7YUYLLzIfw+8vzKy.1","action":"SyncServerConnectionManagerRequest", "result":"SYNC_SERVER_OK", "context":{"environment":"Prod_SoutheastAsia_000j", "migrationStage":"NotStarted", "server":"GENERAL03000008"}}
{"logTime": "0109/174135", "correlationVector":"AaMYSy7YUYLLzIfw+8vzKy.2","action":"GetUpdates Response", "result":"SYNCER_OK", "context":Received 15 update(s). cV=AaMYSy7YUYLLzIfw+8vzKy.0;server=GENERAL03000008;cloudType=Consumer;environment=Prod_SoutheastAsia_000j;migrationStage=NotStarted}
{"logTime": "0110/104827", "correlationVector":"pI6XAhvFahQfbCcgfM8vbW.1","action":"SyncServerConnectionManagerRequest", "result":"SYNC_SERVER_OK", "context":{"environment":"Prod_SoutheastAsia_000j", "migrationStage":"NotStarted", "server":"GENERAL0100001I"}}
{"logTime": "0110/104827", "correlationVector":"pI6XAhvFahQfbCcgfM8vbW","action":"Initial GetUpdates", "result":"", "context":Reason: NEW_CLIENT. cV=pI6XAhvFahQfbCcgfM8vbW}
{"logTime": "0110/104827", "correlationVector":"pI6XAhvFahQfbCcgfM8vbW.2","action":"GetUpdates Response", "result":"SYNCER_OK", "context":Received 1 update(s). cV=pI6XAhvFahQfbCcgfM8vbW.0;server=GENERAL0100001I;cloudType=Consumer;environment=Prod_SoutheastAsia_000j;migrationStage=NotStarted}
{"logTime": "0110/104827", "correlationVector":"KnZy2PPLKXDA+4z9HDpmCd","action":"Initial GetUpdates", "result":"", "context":Reason: NEWLY_SUPPORTED_DATATYPE. cV=KnZy2PPLKXDA+4z9HDpmCd}
{"logTime": "0110/104827", "correlationVector":"KnZy2PPLKXDA+4z9HDpmCd.1","action":"SyncServerConnectionManagerRequest", "result":"SYNC_SERVER_OK", "context":{"environment":"Prod_SoutheastAsia_000j", "migrationStage":"NotStarted", "server":"GENERAL03000011"}}
{"logTime": "0110/104827", "correlationVector":"KnZy2PPLKXDA+4z9HDpmCd.2","action":"GetUpdates", "result":"DeleteReceived", "context":{"id":"742a860c-8684-40b4-877b-c8319ad1a699", "isDeleted:":"true", "version":"1682874566508"}}
{"logTime": "0110/104827", "correlationVector":"KnZy2PPLKXDA+4z9HDpmCd.3","action":"GetUpdates", "result":"DeleteReceived", "context":{"id":"03b69201-b30a-4637-b664-8f96fb5ccccc", "isDeleted:":"true", "version":"1682874569375"}}
{"logTime": "0110/104827", "correlationVector":"KnZy2PPLKXDA+4z9HDpmCd.4","action":"GetUpdates", "result":"DeleteReceived", "context":{"id":"51469ffd-324f-48bc-a851-262304379c8e", "isDeleted:":"true", "version":"1682874570216"}}
{"logTime": "0110/104827", "correlationVector":"KnZy2PPLKXDA+4z9HDpmCd.5","action":"GetUpdates", "result":"DeleteReceived", "context":{"id":"f987af42-6429-467f-95c1-6059e62dfbdf", "isDeleted:":"true", "version":"1682874665990"}}
{"logTime": "0110/104827", "correlationVector":"KnZy2PPLKXDA+4z9HDpmCd.6","action":"GetUpdates", "result":"DeleteReceived", "context":{"id":"66ac2f5e-018b-4374-87a3-ba67716b47a5", "isDeleted:":"true", "version":"1682874875829"}}
{"logTime": "0110/104827", "correlationVector":"KnZy2PPLKXDA+4z9HDpmCd.7","action":"GetUpdates", "result":"DeleteReceived", "context":{"id":"e7a15e47-a8fd-485f-ab67-69451dde043f", "isDeleted:":"true", "version":"1682874876984"}}
{"logTime": "0110/104827", "correlationVector":"KnZy2PPLKXDA+4z9HDpmCd.8","action":"GetUpdates", "result":"DeleteReceived", "context":{"id":"24532155-ead4-4e2c-880c-190ec4a8cb35", "isDeleted:":"true", "version":"1682874877657"}}
{"logTime": "0110/104827", "correlationVector":"KnZy2PPLKXDA+4z9HDpmCd.9","action":"GetUpdates", "result":"DeleteReceived", "context":{"id":"cd11aef8-c276-472a-a8d9-8fb60ac4868c", "isDeleted:":"true", "version":"1682874878330"}}
{"logTime": "0110/104827", "correlationVector":"KnZy2PPLKXDA+4z9HDpmCd.10","action":"GetUpdates", "result":"DeleteReceived", "context":{"id":"7affdafd-89a9-41fc-9482-0ef7b850beb3", "isDeleted:":"true", "version":"1682874879036"}}
{"logTime": "0110/104827", "correlationVector":"KnZy2PPLKXDA+4z9HDpmCd.11","action":"GetUpdates", "result":"DeleteReceived", "context":{"id":"81f3a2c5-c097-4b00-887c-728414a64e44", "isDeleted:":"true", "version":"1682874880137"}}
{"logTime": "0110/104827", "correlationVector":"KnZy2PPLKXDA+4z9HDpmCd.12","action":"GetUpdates", "result":"DeleteReceived", "context":{"id":"17711c70-ee26-4dae-ab5a-1596356d1dd2", "isDeleted:":"true", "version":"1682874880799"}}
{"logTime": "0110/104827", "correlationVector":"KnZy2PPLKXDA+4z9HDpmCd.13","action":"GetUpdates", "result":"DeleteReceived", "context":{"id":"499a9bd5-5ed1-445f-9946-1a3fd6084e22", "isDeleted:":"true", "version":"1682874881576"}}
{"logTime": "0110/104827", "correlationVector":"KnZy2PPLKXDA+4z9HDpmCd.14","action":"GetUpdates", "result":"DeleteReceived", "context":{"id":"55a3fe2b-8b89-4a23-9f6f-52a0f13ab6d5", "isDeleted:":"true", "version":"1682874882265"}}
{"logTime": "0110/104827", "correlationVector":"KnZy2PPLKXDA+4z9HDpmCd.15","action":"GetUpdates", "result":"DeleteReceived", "context":{"id":"7935ca8d-7f27-49ef-a12f-2db1e9d5c9f3", "isDeleted:":"true", "version":"1695056199212"}}
{"logTime": "0110/104827", "correlationVector":"KnZy2PPLKXDA+4z9HDpmCd.16","action":"GetUpdates Response", "result":"SYNCER_OK", "context":Received 54 update(s). cV=KnZy2PPLKXDA+4z9HDpmCd.0;server=GENERAL03000011;cloudType=Consumer;environment=Prod_SoutheastAsia_000j;migrationStage=NotStarted}
{"logTime": "0110/104827", "correlationVector":"HSENWjYzK9dhh9lzeBGDT+","action":"SyncServerConnectionManagerRequest", "result":"SYNC_SERVER_OK", "context":{"environment":"", "migrationStage":"", "server":""}}
{"logTime": "0110/104827", "correlationVector":"f6IXCnJ/z2/Phu3k2dBbC4","action":"Normal GetUpdate request", "result":"", "context":cV=f6IXCnJ/z2/Phu3k2dBbC4
Nudged types: Preferences, Sessions
Refresh requested types: Bookmarks, Preferences, Passwords, Autofill Profiles, Autofill, Autofill Custom Data, Typed URLs, Extensions, Sessions, Extension settings, History Delete Directives, Device Info, User Consents, Send Tab To Self, Web Apps, Collection, Edge E Drop, Edge Hub App Usage, Edge Wallet, Encryption Keys}
{"logTime": "0110/104827", "correlationVector":"f6IXCnJ/z2/Phu3k2dBbC4.1","action":"SyncServerConnectionManagerRequest", "result":"SYNC_SERVER_OK", "context":{"environment":"Prod_SoutheastAsia_000j", "migrationStage":"NotStarted", "server":"GENERAL01000015"}}
{"logTime": "0110/104827", "correlationVector":"f6IXCnJ/z2/Phu3k2dBbC4.2","action":"GetUpdates Response", "result":"SYNCER_OK", "context":Received 0 update(s). cV=f6IXCnJ/z2/Phu3k2dBbC4.0;server=GENERAL01000015;cloudType=Consumer;environment=Prod_SoutheastAsia_000j;migrationStage=NotStarted}
{"logTime": "0110/104827", "correlationVector":"g+fvLXg411E0NiJt20ZKnR","action":"Commit Request", "result":"", "context":Item count: 4
Contributing types: Preferences, Sessions}
{"logTime": "0110/104827", "correlationVector":"g+fvLXg411E0NiJt20ZKnR.1","action":"SyncServerConnectionManagerRequest", "result":"SYNC_SERVER_OK", "context":{"environment":"Prod_SoutheastAsia_000j", "migrationStage":"NotStarted", "server":"GENERAL03000016"}}
{"logTime": "0110/104827", "correlationVector":"g+fvLXg411E0NiJt20ZKnR.3","action":"Commit.Sessions", "result":"Success", "context":{"id":"1bb889df-c3f4-41cb-a9f2-04d40b08800d", "isDeleted":"true", "size":"0", "version":"1704821992848"}}
{"logTime": "0110/104827", "correlationVector":"g+fvLXg411E0NiJt20ZKnR.2","action":"Commit Response", "result":"SYNCER_OK", "context":Result: SYNCER_OK. cV=g+fvLXg411E0NiJt20ZKnR.0;server=GENERAL03000016;cloudType=Consumer;environment=Prod_SoutheastAsia_000j;migrationStage=NotStarted}
{"logTime": "0110/104827", "correlationVector":"4TvF/CKqVNsZNMbQGMWtbS","action":"Poll GetUpdate request", "result":"", "context":cV=4TvF/CKqVNsZNMbQGMWtbS}
{"logTime": "0110/104827", "correlationVector":"4TvF/CKqVNsZNMbQGMWtbS.1","action":"SyncServerConnectionManagerRequest", "result":"SYNC_SERVER_OK", "context":{"environment":"Prod_SoutheastAsia_000j", "migrationStage":"NotStarted", "server":"GENERAL0100000Z"}}
{"logTime": "0110/104827", "correlationVector":"4TvF/CKqVNsZNMbQGMWtbS.2","action":"GetUpdates", "result":"DeleteReceived", "context":{"id":"1bb889df-c3f4-41cb-a9f2-04d40b08800d", "isDeleted:":"true", "version":"1704883701316"}}
{"logTime": "0110/104827", "correlationVector":"4TvF/CKqVNsZNMbQGMWtbS.3","action":"GetUpdates Response", "result":"SYNCER_OK", "context":Received 4 update(s). cV=4TvF/CKqVNsZNMbQGMWtbS.0;server=GENERAL0100000Z;cloudType=Consumer;environment=Prod_SoutheastAsia_000j;migrationStage=NotStarted}
{"logTime": "0110/104827", "correlationVector":"hI2OUaj7h/T4K/95F3mzM4","action":"Normal GetUpdate request", "result":"", "context":cV=hI2OUaj7h/T4K/95F3mzM4
Nudged types: Preferences, Sessions
Refresh requested types: Bookmarks, Preferences, Passwords, Autofill Profiles, Autofill, Autofill Custom Data, Typed URLs, Extensions, Sessions, Extension settings, History Delete Directives, Device Info, User Consents, Send Tab To Self, Web Apps, Collection, Edge E Drop, Edge Hub App Usage, Edge Wallet, Encryption Keys}
{"logTime": "0110/104827", "correlationVector":"hI2OUaj7h/T4K/95F3mzM4.1","action":"SyncServerConnectionManagerRequest", "result":"SYNC_SERVER_OK", "context":{"environment":"Prod_SoutheastAsia_000j", "migrationStage":"NotStarted", "server":"GENERAL03000023"}}
{"logTime": "0110/104827", "correlationVector":"hI2OUaj7h/T4K/95F3mzM4.2","action":"GetUpdates Response", "result":"SYNCER_OK", "context":Received 0 update(s). cV=hI2OUaj7h/T4K/95F3mzM4.0;server=GENERAL03000023;cloudType=Consumer;environment=Prod_SoutheastAsia_000j;migrationStage=NotStarted}
{"logTime": "0110/104857", "correlationVector":"VDThMdfum60cqCqoY1sTIS","action":"Commit Request", "result":"", "context":Item count: 1
Contributing types: Sessions}
{"logTime": "0110/104858", "correlationVector":"VDThMdfum60cqCqoY1sTIS.1","action":"SyncServerConnectionManagerRequest", "result":"SYNC_SERVER_OK", "context":{"environment":"Prod_SoutheastAsia_000j", "migrationStage":"NotStarted", "server":"GENERAL01000019"}}
{"logTime": "0110/104858", "correlationVector":"VDThMdfum60cqCqoY1sTIS.2","action":"Commit Response", "result":"SYNCER_OK", "context":Result: SYNCER_OK. cV=VDThMdfum60cqCqoY1sTIS.0;server=GENERAL01000019;cloudType=Consumer;environment=Prod_SoutheastAsia_000j;migrationStage=NotStarted}
{"logTime": "0110/105318", "correlationVector":"KlIRPE23ipbU81L8KhFLbS","action":"Normal GetUpdate request", "result":"", "context":cV=KlIRPE23ipbU81L8KhFLbS
Refresh requested types: Bookmarks, Preferences, Passwords, Autofill Profiles, Autofill, Autofill Custom Data, Typed URLs, Extensions, Sessions, Extension settings, History Delete Directives, Device Info, User Consents, Send Tab To Self, Web Apps, Collection, Edge E Drop, Edge Hub App Usage, Edge Wallet, Encryption Keys}
{"logTime": "0110/105319", "correlationVector":"KlIRPE23ipbU81L8KhFLbS.1","action":"SyncServerConnectionManagerRequest", "result":"SYNC_SERVER_OK", "context":{"environment":"Prod_SoutheastAsia_000j", "migrationStage":"NotStarted", "server":"GENERAL03000003"}}
{"logTime": "0110/105319", "correlationVector":"KlIRPE23ipbU81L8KhFLbS.2","action":"GetUpdates Response", "result":"SYNCER_OK", "context":Received 1 update(s). cV=KlIRPE23ipbU81L8KhFLbS.0;server=GENERAL03000003;cloudType=Consumer;environment=Prod_SoutheastAsia_000j;migrationStage=NotStarted}
